/root/rqt-reconfigure/install/rqt_reconfigure/lib/python3.5/site-packages/rqt_reconfigure/node_selector_widget.py
/root/rqt-reconfigure/install/rqt_reconfigure/lib/python3.5/site-packages/rqt_reconfigure/param_editors.py
/root/rqt-reconfigure/install/rqt_reconfigure/lib/python3.5/site-packages/rqt_reconfigure/text_filter_widget.py
/root/rqt-reconfigure/install/rqt_reconfigure/lib/python3.5/site-packages/rqt_reconfigure/__init__.py
/root/rqt-reconfigure/install/rqt_reconfigure/lib/python3.5/site-packages/rqt_reconfigure/dynreconf_client_widget.py
/root/rqt-reconfigure/install/rqt_reconfigure/lib/python3.5/site-packages/rqt_reconfigure/treenode_qstditem.py
/root/rqt-reconfigure/install/rqt_reconfigure/lib/python3.5/site-packages/rqt_reconfigure/param_groups.py
/root/rqt-reconfigure/install/rqt_reconfigure/lib/python3.5/site-packages/rqt_reconfigure/treenode_status.py
/root/rqt-reconfigure/install/rqt_reconfigure/lib/python3.5/site-packages/rqt_reconfigure/paramedit_widget.py
/root/rqt-reconfigure/install/rqt_reconfigure/lib/python3.5/site-packages/rqt_reconfigure/param_widget.py
/root/rqt-reconfigure/install/rqt_reconfigure/lib/python3.5/site-packages/rqt_reconfigure/filter_children_model.py
/root/rqt-reconfigure/install/rqt_reconfigure/lib/python3.5/site-packages/rqt_reconfigure/param_plugin.py
/root/rqt-reconfigure/install/rqt_reconfigure/lib/python3.5/site-packages/rqt_reconfigure/dynamic_reconfig.py
/root/rqt-reconfigure/install/rqt_reconfigure/lib/python3.5/site-packages/rqt_reconfigure/param_updater.py
/root/rqt-reconfigure/install/rqt_reconfigure/lib/python3.5/site-packages/rqt_reconfigure/treenode_item_model.py
/root/rqt-reconfigure/install/rqt_reconfigure/lib/python3.5/site-packages/rqt_reconfigure/text_filter.py
/root/rqt-reconfigure/install/rqt_reconfigure/lib/python3.5/site-packages/rqt_resource/__init__.py
/root/rqt-reconfigure/install/rqt_reconfigure/lib/python3.5/site-packages/rqt_reconfigure/rqt_py_common/message_tree_widget.py
/root/rqt-reconfigure/install/rqt_reconfigure/lib/python3.5/site-packages/rqt_reconfigure/rqt_py_common/layout_util.py
/root/rqt-reconfigure/install/rqt_reconfigure/lib/python3.5/site-packages/rqt_reconfigure/rqt_py_common/tree_model_completer.py
/root/rqt-reconfigure/install/rqt_reconfigure/lib/python3.5/site-packages/rqt_reconfigure/rqt_py_common/__init__.py
/root/rqt-reconfigure/install/rqt_reconfigure/lib/python3.5/site-packages/rqt_reconfigure/rqt_py_common/topic_dict.py
/root/rqt-reconfigure/install/rqt_reconfigure/lib/python3.5/site-packages/rqt_reconfigure/rqt_py_common/ini_helper.py
/root/rqt-reconfigure/install/rqt_reconfigure/lib/python3.5/site-packages/rqt_reconfigure/rqt_py_common/data_items.py
/root/rqt-reconfigure/install/rqt_reconfigure/lib/python3.5/site-packages/rqt_reconfigure/rqt_py_common/rqt_ros_graph.py
/root/rqt-reconfigure/install/rqt_reconfigure/lib/python3.5/site-packages/rqt_reconfigure/rqt_py_common/rosaction.py
/root/rqt-reconfigure/install/rqt_reconfigure/lib/python3.5/site-packages/rqt_reconfigure/rqt_py_common/extended_combo_box.py
/root/rqt-reconfigure/install/rqt_reconfigure/lib/python3.5/site-packages/rqt_reconfigure/rqt_py_common/topic_tree_model.py
/root/rqt-reconfigure/install/rqt_reconfigure/lib/python3.5/site-packages/rqt_reconfigure/rqt_py_common/topic_completer.py
/root/rqt-reconfigure/install/rqt_reconfigure/lib/python3.5/site-packages/rqt_reconfigure/rqt_py_common/item_delegates.py
/root/rqt-reconfigure/install/rqt_reconfigure/lib/python3.5/site-packages/rqt_reconfigure/rqt_py_common/topic_helpers.py
/root/rqt-reconfigure/install/rqt_reconfigure/lib/python3.5/site-packages/rqt_reconfigure/rqt_py_common/rqt_roscomm_util.py
/root/rqt-reconfigure/install/rqt_reconfigure/lib/python3.5/site-packages/rqt_reconfigure/rqt_py_common/message_tree_model.py
/root/rqt-reconfigure/install/rqt_reconfigure/lib/python3.5/site-packages/rqt_reconfigure/rqt_py_common/plugin_container_widget.py
/root/rqt-reconfigure/install/rqt_reconfigure/lib/python3.5/site-packages/rqt_reconfigure/rqt_console/message_proxy_model.py
/root/rqt-reconfigure/install/rqt_reconfigure/lib/python3.5/site-packages/rqt_reconfigure/rqt_console/__init__.py
/root/rqt-reconfigure/install/rqt_reconfigure/lib/python3.5/site-packages/rqt_reconfigure/rqt_console/message_list.py
/root/rqt-reconfigure/install/rqt_reconfigure/lib/python3.5/site-packages/rqt_reconfigure/rqt_console/console_widget.py
/root/rqt-reconfigure/install/rqt_reconfigure/lib/python3.5/site-packages/rqt_reconfigure/rqt_console/console.py
/root/rqt-reconfigure/install/rqt_reconfigure/lib/python3.5/site-packages/rqt_reconfigure/rqt_console/text_browse_dialog.py
/root/rqt-reconfigure/install/rqt_reconfigure/lib/python3.5/site-packages/rqt_reconfigure/rqt_console/message_data_model.py
/root/rqt-reconfigure/install/rqt_reconfigure/lib/python3.5/site-packages/rqt_reconfigure/rqt_console/message.py
/root/rqt-reconfigure/install/rqt_reconfigure/lib/python3.5/site-packages/rqt_reconfigure/rqt_console/console_settings_dialog.py
/root/rqt-reconfigure/install/rqt_reconfigure/lib/python3.5/site-packages/rqt_reconfigure/python_qt_binding/__init__.py
/root/rqt-reconfigure/install/rqt_reconfigure/lib/python3.5/site-packages/rqt_reconfigure/python_qt_binding/QtBindingHelper.py
/root/rqt-reconfigure/install/rqt_reconfigure/lib/python3.5/site-packages/rqt_reconfigure/python_qt_binding/binding_helper.py
/root/rqt-reconfigure/install/rqt_reconfigure/lib/python3.5/site-packages/rqt_reconfigure/rqt_py_common/msg/__init__.py
/root/rqt-reconfigure/install/rqt_reconfigure/lib/python3.5/site-packages/rqt_reconfigure/rqt_py_common/msg/_Val.py
/root/rqt-reconfigure/install/rqt_reconfigure/lib/python3.5/site-packages/rqt_reconfigure/rqt_py_common/msg/_ArrayVal.py
/root/rqt-reconfigure/install/rqt_reconfigure/lib/python3.5/site-packages/rqt_reconfigure/rqt_console/filters/custom_filter.py
/root/rqt-reconfigure/install/rqt_reconfigure/lib/python3.5/site-packages/rqt_reconfigure/rqt_console/filters/text_filter_widget.py
/root/rqt-reconfigure/install/rqt_reconfigure/lib/python3.5/site-packages/rqt_reconfigure/rqt_console/filters/time_filter_widget.py
/root/rqt-reconfigure/install/rqt_reconfigure/lib/python3.5/site-packages/rqt_reconfigure/rqt_console/filters/__init__.py
/root/rqt-reconfigure/install/rqt_reconfigure/lib/python3.5/site-packages/rqt_reconfigure/rqt_console/filters/location_filter.py
/root/rqt-reconfigure/install/rqt_reconfigure/lib/python3.5/site-packages/rqt_reconfigure/rqt_console/filters/filter_collection.py
/root/rqt-reconfigure/install/rqt_reconfigure/lib/python3.5/site-packages/rqt_reconfigure/rqt_console/filters/base_filter.py
/root/rqt-reconfigure/install/rqt_reconfigure/lib/python3.5/site-packages/rqt_reconfigure/rqt_console/filters/topic_filter.py
/root/rqt-reconfigure/install/rqt_reconfigure/lib/python3.5/site-packages/rqt_reconfigure/rqt_console/filters/custom_filter_widget.py
/root/rqt-reconfigure/install/rqt_reconfigure/lib/python3.5/site-packages/rqt_reconfigure/rqt_console/filters/list_filter_widget.py
/root/rqt-reconfigure/install/rqt_reconfigure/lib/python3.5/site-packages/rqt_reconfigure/rqt_console/filters/message_filter.py
/root/rqt-reconfigure/install/rqt_reconfigure/lib/python3.5/site-packages/rqt_reconfigure/rqt_console/filters/filter_wrapper_widget.py
/root/rqt-reconfigure/install/rqt_reconfigure/lib/python3.5/site-packages/rqt_reconfigure/rqt_console/filters/time_filter.py
/root/rqt-reconfigure/install/rqt_reconfigure/lib/python3.5/site-packages/rqt_reconfigure/rqt_console/filters/severity_filter.py
/root/rqt-reconfigure/install/rqt_reconfigure/lib/python3.5/site-packages/rqt_reconfigure/rqt_console/filters/node_filter.py
/root/rqt-reconfigure/install/rqt_reconfigure/lib/python3.5/site-packages/rqt_reconfigure/__pycache__/node_selector_widget.cpython-35.pyc
/root/rqt-reconfigure/install/rqt_reconfigure/lib/python3.5/site-packages/rqt_reconfigure/__pycache__/param_editors.cpython-35.pyc
/root/rqt-reconfigure/install/rqt_reconfigure/lib/python3.5/site-packages/rqt_reconfigure/__pycache__/text_filter_widget.cpython-35.pyc
/root/rqt-reconfigure/install/rqt_reconfigure/lib/python3.5/site-packages/rqt_reconfigure/__pycache__/__init__.cpython-35.pyc
/root/rqt-reconfigure/install/rqt_reconfigure/lib/python3.5/site-packages/rqt_reconfigure/__pycache__/dynreconf_client_widget.cpython-35.pyc
/root/rqt-reconfigure/install/rqt_reconfigure/lib/python3.5/site-packages/rqt_reconfigure/__pycache__/treenode_qstditem.cpython-35.pyc
/root/rqt-reconfigure/install/rqt_reconfigure/lib/python3.5/site-packages/rqt_reconfigure/__pycache__/param_groups.cpython-35.pyc
/root/rqt-reconfigure/install/rqt_reconfigure/lib/python3.5/site-packages/rqt_reconfigure/__pycache__/treenode_status.cpython-35.pyc
/root/rqt-reconfigure/install/rqt_reconfigure/lib/python3.5/site-packages/rqt_reconfigure/__pycache__/paramedit_widget.cpython-35.pyc
/root/rqt-reconfigure/install/rqt_reconfigure/lib/python3.5/site-packages/rqt_reconfigure/__pycache__/param_widget.cpython-35.pyc
/root/rqt-reconfigure/install/rqt_reconfigure/lib/python3.5/site-packages/rqt_reconfigure/__pycache__/filter_children_model.cpython-35.pyc
/root/rqt-reconfigure/install/rqt_reconfigure/lib/python3.5/site-packages/rqt_reconfigure/__pycache__/param_plugin.cpython-35.pyc
/root/rqt-reconfigure/install/rqt_reconfigure/lib/python3.5/site-packages/rqt_reconfigure/__pycache__/dynamic_reconfig.cpython-35.pyc
/root/rqt-reconfigure/install/rqt_reconfigure/lib/python3.5/site-packages/rqt_reconfigure/__pycache__/param_updater.cpython-35.pyc
/root/rqt-reconfigure/install/rqt_reconfigure/lib/python3.5/site-packages/rqt_reconfigure/__pycache__/treenode_item_model.cpython-35.pyc
/root/rqt-reconfigure/install/rqt_reconfigure/lib/python3.5/site-packages/rqt_reconfigure/__pycache__/text_filter.cpython-35.pyc
/root/rqt-reconfigure/install/rqt_reconfigure/lib/python3.5/site-packages/rqt_resource/__pycache__/__init__.cpython-35.pyc
/root/rqt-reconfigure/install/rqt_reconfigure/lib/python3.5/site-packages/rqt_reconfigure/rqt_py_common/__pycache__/message_tree_widget.cpython-35.pyc
/root/rqt-reconfigure/install/rqt_reconfigure/lib/python3.5/site-packages/rqt_reconfigure/rqt_py_common/__pycache__/layout_util.cpython-35.pyc
/root/rqt-reconfigure/install/rqt_reconfigure/lib/python3.5/site-packages/rqt_reconfigure/rqt_py_common/__pycache__/tree_model_completer.cpython-35.pyc
/root/rqt-reconfigure/install/rqt_reconfigure/lib/python3.5/site-packages/rqt_reconfigure/rqt_py_common/__pycache__/__init__.cpython-35.pyc
/root/rqt-reconfigure/install/rqt_reconfigure/lib/python3.5/site-packages/rqt_reconfigure/rqt_py_common/__pycache__/topic_dict.cpython-35.pyc
/root/rqt-reconfigure/install/rqt_reconfigure/lib/python3.5/site-packages/rqt_reconfigure/rqt_py_common/__pycache__/ini_helper.cpython-35.pyc
/root/rqt-reconfigure/install/rqt_reconfigure/lib/python3.5/site-packages/rqt_reconfigure/rqt_py_common/__pycache__/data_items.cpython-35.pyc
/root/rqt-reconfigure/install/rqt_reconfigure/lib/python3.5/site-packages/rqt_reconfigure/rqt_py_common/__pycache__/rqt_ros_graph.cpython-35.pyc
/root/rqt-reconfigure/install/rqt_reconfigure/lib/python3.5/site-packages/rqt_reconfigure/rqt_py_common/__pycache__/rosaction.cpython-35.pyc
/root/rqt-reconfigure/install/rqt_reconfigure/lib/python3.5/site-packages/rqt_reconfigure/rqt_py_common/__pycache__/extended_combo_box.cpython-35.pyc
/root/rqt-reconfigure/install/rqt_reconfigure/lib/python3.5/site-packages/rqt_reconfigure/rqt_py_common/__pycache__/topic_tree_model.cpython-35.pyc
/root/rqt-reconfigure/install/rqt_reconfigure/lib/python3.5/site-packages/rqt_reconfigure/rqt_py_common/__pycache__/topic_completer.cpython-35.pyc
/root/rqt-reconfigure/install/rqt_reconfigure/lib/python3.5/site-packages/rqt_reconfigure/rqt_py_common/__pycache__/item_delegates.cpython-35.pyc
/root/rqt-reconfigure/install/rqt_reconfigure/lib/python3.5/site-packages/rqt_reconfigure/rqt_py_common/__pycache__/topic_helpers.cpython-35.pyc
/root/rqt-reconfigure/install/rqt_reconfigure/lib/python3.5/site-packages/rqt_reconfigure/rqt_py_common/__pycache__/rqt_roscomm_util.cpython-35.pyc
/root/rqt-reconfigure/install/rqt_reconfigure/lib/python3.5/site-packages/rqt_reconfigure/rqt_py_common/__pycache__/message_tree_model.cpython-35.pyc
/root/rqt-reconfigure/install/rqt_reconfigure/lib/python3.5/site-packages/rqt_reconfigure/rqt_py_common/__pycache__/plugin_container_widget.cpython-35.pyc
/root/rqt-reconfigure/install/rqt_reconfigure/lib/python3.5/site-packages/rqt_reconfigure/rqt_console/__pycache__/message_proxy_model.cpython-35.pyc
/root/rqt-reconfigure/install/rqt_reconfigure/lib/python3.5/site-packages/rqt_reconfigure/rqt_console/__pycache__/__init__.cpython-35.pyc
/root/rqt-reconfigure/install/rqt_reconfigure/lib/python3.5/site-packages/rqt_reconfigure/rqt_console/__pycache__/message_list.cpython-35.pyc
/root/rqt-reconfigure/install/rqt_reconfigure/lib/python3.5/site-packages/rqt_reconfigure/rqt_console/__pycache__/console_widget.cpython-35.pyc
/root/rqt-reconfigure/install/rqt_reconfigure/lib/python3.5/site-packages/rqt_reconfigure/rqt_console/__pycache__/console.cpython-35.pyc
/root/rqt-reconfigure/install/rqt_reconfigure/lib/python3.5/site-packages/rqt_reconfigure/rqt_console/__pycache__/text_browse_dialog.cpython-35.pyc
/root/rqt-reconfigure/install/rqt_reconfigure/lib/python3.5/site-packages/rqt_reconfigure/rqt_console/__pycache__/message_data_model.cpython-35.pyc
/root/rqt-reconfigure/install/rqt_reconfigure/lib/python3.5/site-packages/rqt_reconfigure/rqt_console/__pycache__/message.cpython-35.pyc
/root/rqt-reconfigure/install/rqt_reconfigure/lib/python3.5/site-packages/rqt_reconfigure/rqt_console/__pycache__/console_settings_dialog.cpython-35.pyc
/root/rqt-reconfigure/install/rqt_reconfigure/lib/python3.5/site-packages/rqt_reconfigure/python_qt_binding/__pycache__/__init__.cpython-35.pyc
/root/rqt-reconfigure/install/rqt_reconfigure/lib/python3.5/site-packages/rqt_reconfigure/python_qt_binding/__pycache__/QtBindingHelper.cpython-35.pyc
/root/rqt-reconfigure/install/rqt_reconfigure/lib/python3.5/site-packages/rqt_reconfigure/python_qt_binding/__pycache__/binding_helper.cpython-35.pyc
/root/rqt-reconfigure/install/rqt_reconfigure/lib/python3.5/site-packages/rqt_reconfigure/rqt_py_common/msg/__pycache__/__init__.cpython-35.pyc
/root/rqt-reconfigure/install/rqt_reconfigure/lib/python3.5/site-packages/rqt_reconfigure/rqt_py_common/msg/__pycache__/_Val.cpython-35.pyc
/root/rqt-reconfigure/install/rqt_reconfigure/lib/python3.5/site-packages/rqt_reconfigure/rqt_py_common/msg/__pycache__/_ArrayVal.cpython-35.pyc
/root/rqt-reconfigure/install/rqt_reconfigure/lib/python3.5/site-packages/rqt_reconfigure/rqt_console/filters/__pycache__/custom_filter.cpython-35.pyc
/root/rqt-reconfigure/install/rqt_reconfigure/lib/python3.5/site-packages/rqt_reconfigure/rqt_console/filters/__pycache__/text_filter_widget.cpython-35.pyc
/root/rqt-reconfigure/install/rqt_reconfigure/lib/python3.5/site-packages/rqt_reconfigure/rqt_console/filters/__pycache__/time_filter_widget.cpython-35.pyc
/root/rqt-reconfigure/install/rqt_reconfigure/lib/python3.5/site-packages/rqt_reconfigure/rqt_console/filters/__pycache__/__init__.cpython-35.pyc
/root/rqt-reconfigure/install/rqt_reconfigure/lib/python3.5/site-packages/rqt_reconfigure/rqt_console/filters/__pycache__/location_filter.cpython-35.pyc
/root/rqt-reconfigure/install/rqt_reconfigure/lib/python3.5/site-packages/rqt_reconfigure/rqt_console/filters/__pycache__/filter_collection.cpython-35.pyc
/root/rqt-reconfigure/install/rqt_reconfigure/lib/python3.5/site-packages/rqt_reconfigure/rqt_console/filters/__pycache__/base_filter.cpython-35.pyc
/root/rqt-reconfigure/install/rqt_reconfigure/lib/python3.5/site-packages/rqt_reconfigure/rqt_console/filters/__pycache__/topic_filter.cpython-35.pyc
/root/rqt-reconfigure/install/rqt_reconfigure/lib/python3.5/site-packages/rqt_reconfigure/rqt_console/filters/__pycache__/custom_filter_widget.cpython-35.pyc
/root/rqt-reconfigure/install/rqt_reconfigure/lib/python3.5/site-packages/rqt_reconfigure/rqt_console/filters/__pycache__/list_filter_widget.cpython-35.pyc
/root/rqt-reconfigure/install/rqt_reconfigure/lib/python3.5/site-packages/rqt_reconfigure/rqt_console/filters/__pycache__/message_filter.cpython-35.pyc
/root/rqt-reconfigure/install/rqt_reconfigure/lib/python3.5/site-packages/rqt_reconfigure/rqt_console/filters/__pycache__/filter_wrapper_widget.cpython-35.pyc
/root/rqt-reconfigure/install/rqt_reconfigure/lib/python3.5/site-packages/rqt_reconfigure/rqt_console/filters/__pycache__/time_filter.cpython-35.pyc
/root/rqt-reconfigure/install/rqt_reconfigure/lib/python3.5/site-packages/rqt_reconfigure/rqt_console/filters/__pycache__/severity_filter.cpython-35.pyc
/root/rqt-reconfigure/install/rqt_reconfigure/lib/python3.5/site-packages/rqt_reconfigure/rqt_console/filters/__pycache__/node_filter.cpython-35.pyc
/root/rqt-reconfigure/install/rqt_reconfigure/share/rqt_reconfigure/package.xml
/root/rqt-reconfigure/install/rqt_reconfigure/share/rqt_resource/editor_bool.ui
/root/rqt-reconfigure/install/rqt_reconfigure/share/rqt_resource/editor_enum.ui
/root/rqt-reconfigure/install/rqt_reconfigure/share/rqt_resource/editor_number.ui
/root/rqt-reconfigure/install/rqt_reconfigure/share/rqt_resource/editor_string.ui
/root/rqt-reconfigure/install/rqt_reconfigure/share/rqt_resource/node_selector.ui
/root/rqt-reconfigure/install/rqt_reconfigure/share/rqt_resource/paramedit_pane.ui
/root/rqt-reconfigure/install/rqt_reconfigure/share/rqt_resource/param_main.ui
/root/rqt-reconfigure/install/rqt_reconfigure/share/rqt_resource/param_timeline.ui
/root/rqt-reconfigure/install/rqt_reconfigure/share/rqt_resource/singlenode_parameditor.ui
/root/rqt-reconfigure/install/rqt_reconfigure/share/rqt_resource/text_filter_widget.ui
/root/rqt-reconfigure/install/rqt_reconfigure/lib/python3.5/site-packages/rqt_reconfigure-0.4.0-py3.5.egg-info/SOURCES.txt
/root/rqt-reconfigure/install/rqt_reconfigure/lib/python3.5/site-packages/rqt_reconfigure-0.4.0-py3.5.egg-info/top_level.txt
/root/rqt-reconfigure/install/rqt_reconfigure/lib/python3.5/site-packages/rqt_reconfigure-0.4.0-py3.5.egg-info/zip-safe
/root/rqt-reconfigure/install/rqt_reconfigure/lib/python3.5/site-packages/rqt_reconfigure-0.4.0-py3.5.egg-info/entry_points.txt
/root/rqt-reconfigure/install/rqt_reconfigure/lib/python3.5/site-packages/rqt_reconfigure-0.4.0-py3.5.egg-info/PKG-INFO
/root/rqt-reconfigure/install/rqt_reconfigure/lib/python3.5/site-packages/rqt_reconfigure-0.4.0-py3.5.egg-info/requires.txt
/root/rqt-reconfigure/install/rqt_reconfigure/lib/python3.5/site-packages/rqt_reconfigure-0.4.0-py3.5.egg-info/dependency_links.txt
/root/rqt-reconfigure/install/rqt_reconfigure/lib/rqt_reconfigure/rqt_gui
