[0.260s] DEBUG:colcon:Command line arguments: ['/root/octopus3/zoro_ws/bin/colcon', 'build']
[0.261s] DEBUG:colcon:Parsed command line arguments: Namespace(ament_cmake_args=None, base_paths='.', build_base='build', catkin_cmake_args=None, cmake_args=None, cmake_clean_cache=False, cmake_clean_first=False, cmake_force_configure=False, cmake_target=None, cmake_target_skip_unavailable=False, continue_on_error=False, event_handlers=None, executor='parallel', ignore_user_meta=False, install_base='install', log_base='log', log_level=None, main=<bound method BuildVerb.main of <colcon_core.verb.build.BuildVerb object at 0x7f440b2a0588>>, merge_install=False, metas='./colcon.meta', packages_above=None, packages_end=None, packages_ignore=None, packages_ignore_regex=None, packages_select=None, packages_select_build_failed=False, packages_select_by_dep=None, packages_select_regex=None, packages_select_test_failures=False, packages_skip=None, packages_skip_build_finished=False, packages_skip_by_dep=None, packages_skip_regex=None, packages_skip_test_passed=False, packages_skip_up_to=None, packages_start=None, packages_up_to=None, parallel_workers=8, paths=None, symlink_install=False, test_result_base=None, verb_extension=<colcon_core.verb.build.BuildVerb object at 0x7f440b2a0588>, verb_name='build', verb_parser=<colcon_defaults.argument_parser.defaults.DefaultArgumentsDecorator object at 0x7f440b25a048>)
[0.312s] Level 1:colcon.colcon_core.package_discovery:discover_packages(colcon_meta) check parameters
[0.312s] Level 1:colcon.colcon_core.package_discovery:discover_packages(recursive) check parameters
[0.313s] Level 1:colcon.colcon_core.package_discovery:discover_packages(ignore) check parameters
[0.313s] Level 1:colcon.colcon_core.package_discovery:discover_packages(path) check parameters
[0.313s] Level 1:colcon.colcon_core.package_discovery:discover_packages(recursive) discover
[0.313s] INFO:colcon.colcon_core.package_discovery:Crawling recursively for packages in '/root/rqt-reconfigure'
[0.313s] Level 1:colcon.colcon_core.package_identification:_identify(/root/rqt-reconfigure) by extensions ['ignore', 'ignore_ament_install']
[0.313s] Level 1:colcon.colcon_core.package_identification:_identify(/root/rqt-reconfigure) by extension 'ignore'
[0.313s] Level 1:colcon.colcon_core.package_identification:_identify(/root/rqt-reconfigure) by extension 'ignore_ament_install'
[0.313s] Level 1:colcon.colcon_core.package_identification:_identify(/root/rqt-reconfigure) by extensions ['colcon_pkg']
[0.313s] Level 1:colcon.colcon_core.package_identification:_identify(/root/rqt-reconfigure) by extension 'colcon_pkg'
[0.313s] Level 1:colcon.colcon_core.package_identification:_identify(/root/rqt-reconfigure) by extensions ['colcon_meta']
[0.313s] Level 1:colcon.colcon_core.package_identification:_identify(/root/rqt-reconfigure) by extension 'colcon_meta'
[0.313s] Level 1:colcon.colcon_core.package_identification:_identify(/root/rqt-reconfigure) by extensions ['ros']
[0.313s] Level 1:colcon.colcon_core.package_identification:_identify(/root/rqt-reconfigure) by extension 'ros'
[0.325s] DEBUG:colcon.colcon_core.package_identification:Package '/root/rqt-reconfigure' with type 'ros.ament_python' and name 'rqt_reconfigure'
[0.325s] Level 1:colcon.colcon_core.package_discovery:discover_packages(recursive) using defaults
[0.346s] Level 5:colcon.colcon_core.verb:set package 'rqt_reconfigure' build argument 'cmake_args' from command line to 'None'
[0.346s] Level 5:colcon.colcon_core.verb:set package 'rqt_reconfigure' build argument 'cmake_target' from command line to 'None'
[0.347s] Level 5:colcon.colcon_core.verb:set package 'rqt_reconfigure' build argument 'cmake_target_skip_unavailable' from command line to 'False'
[0.347s] Level 5:colcon.colcon_core.verb:set package 'rqt_reconfigure' build argument 'cmake_clean_cache' from command line to 'False'
[0.347s] Level 5:colcon.colcon_core.verb:set package 'rqt_reconfigure' build argument 'cmake_clean_first' from command line to 'False'
[0.347s] Level 5:colcon.colcon_core.verb:set package 'rqt_reconfigure' build argument 'cmake_force_configure' from command line to 'False'
[0.347s] Level 5:colcon.colcon_core.verb:set package 'rqt_reconfigure' build argument 'ament_cmake_args' from command line to 'None'
[0.347s] Level 5:colcon.colcon_core.verb:set package 'rqt_reconfigure' build argument 'catkin_cmake_args' from command line to 'None'
[0.347s] DEBUG:colcon.colcon_core.verb:Building package 'rqt_reconfigure' with the following arguments: {'ament_cmake_args': None, 'build_base': '/root/rqt-reconfigure/build/rqt_reconfigure', 'catkin_cmake_args': None, 'cmake_args': None, 'cmake_clean_cache': False, 'cmake_clean_first': False, 'cmake_force_configure': False, 'cmake_target': None, 'cmake_target_skip_unavailable': False, 'install_base': '/root/rqt-reconfigure/install/rqt_reconfigure', 'merge_install': False, 'path': '/root/rqt-reconfigure', 'symlink_install': False, 'test_result_base': None}
[0.359s] INFO:colcon.colcon_core.executor:Executing jobs using 'parallel' executor
[0.359s] DEBUG:colcon.colcon_parallel_executor.executor.parallel:run_until_complete
[0.359s] INFO:colcon.colcon_ros.task.ament_python.build:Building ROS package in '/root/rqt-reconfigure' with build type 'ament_python'
[0.359s] Level 1:colcon.colcon_core.shell:create_environment_hook('rqt_reconfigure', 'ament_prefix_path')
[0.367s] INFO:colcon.colcon_core.plugin_system:Skipping extension 'colcon_core.shell.bat': Not used on non-Windows systems
[0.368s] INFO:colcon.colcon_core.shell:Creating environment hook '/root/rqt-reconfigure/install/rqt_reconfigure/share/rqt_reconfigure/hook/ament_prefix_path.ps1'
[0.368s] INFO:colcon.colcon_core.shell:Creating environment hook '/root/rqt-reconfigure/install/rqt_reconfigure/share/rqt_reconfigure/hook/ament_prefix_path.sh'
[0.369s] INFO:colcon.colcon_core.task.python.build:Building Python package in '/root/rqt-reconfigure'
[0.374s] INFO:colcon.colcon_core.shell:Skip shell extension 'powershell' for command environment: Not usable outside of PowerShell
[0.573s] DEBUG:colcon.colcon_core.event_handler.log_command:Invoking command in '/root/rqt-reconfigure': PYTHONPATH=/root/rqt-reconfigure/install/rqt_reconfigure/lib/python3.5/site-packages:${PYTHONPATH} /usr/bin/python3 setup.py egg_info --egg-base /root/rqt-reconfigure/build/rqt_reconfigure build --build-base /root/rqt-reconfigure/build/rqt_reconfigure/build install --prefix /root/rqt-reconfigure/install/rqt_reconfigure --record /root/rqt-reconfigure/build/rqt_reconfigure/install.log --single-version-externally-managed bdist_egg --dist-dir /root/rqt-reconfigure/build/rqt_reconfigure/dist
[0.900s] DEBUG:colcon.colcon_core.event_handler.log_command:Invoked command in '/root/rqt-reconfigure' returned '0': PYTHONPATH=/root/rqt-reconfigure/install/rqt_reconfigure/lib/python3.5/site-packages:${PYTHONPATH} /usr/bin/python3 setup.py egg_info --egg-base /root/rqt-reconfigure/build/rqt_reconfigure build --build-base /root/rqt-reconfigure/build/rqt_reconfigure/build install --prefix /root/rqt-reconfigure/install/rqt_reconfigure --record /root/rqt-reconfigure/build/rqt_reconfigure/install.log --single-version-externally-managed bdist_egg --dist-dir /root/rqt-reconfigure/build/rqt_reconfigure/dist
[0.906s] Level 1:colcon.colcon_core.environment:checking '/root/rqt-reconfigure/install/rqt_reconfigure' for CMake module files
[0.906s] Level 1:colcon.colcon_core.environment:checking '/root/rqt-reconfigure/install/rqt_reconfigure' for CMake config files
[0.908s] Level 1:colcon.colcon_core.environment:checking '/root/rqt-reconfigure/install/rqt_reconfigure/lib'
[0.908s] Level 1:colcon.colcon_core.environment:checking '/root/rqt-reconfigure/install/rqt_reconfigure/bin'
[0.908s] Level 1:colcon.colcon_core.environment:checking '/root/rqt-reconfigure/install/rqt_reconfigure/lib/pkgconfig/rqt_reconfigure.pc'
[0.908s] Level 1:colcon.colcon_core.environment:checking '/root/rqt-reconfigure/install/rqt_reconfigure/lib/python3.5/site-packages'
[0.908s] Level 1:colcon.colcon_core.shell:create_environment_hook('rqt_reconfigure', 'pythonpath')
[0.913s] INFO:colcon.colcon_core.shell:Creating environment hook '/root/rqt-reconfigure/install/rqt_reconfigure/share/rqt_reconfigure/hook/pythonpath.ps1'
[0.914s] INFO:colcon.colcon_core.shell:Creating environment hook '/root/rqt-reconfigure/install/rqt_reconfigure/share/rqt_reconfigure/hook/pythonpath.sh'
[0.914s] Level 1:colcon.colcon_core.environment:create_environment_scripts()
[0.919s] INFO:colcon.colcon_core.shell:Creating package script '/root/rqt-reconfigure/install/rqt_reconfigure/share/rqt_reconfigure/package.ps1'
[0.920s] INFO:colcon.colcon_core.shell:Creating package script '/root/rqt-reconfigure/install/rqt_reconfigure/share/rqt_reconfigure/package.sh'
[0.920s] INFO:colcon.colcon_core.shell:Creating package script '/root/rqt-reconfigure/install/rqt_reconfigure/share/rqt_reconfigure/package.bash'
[0.921s] INFO:colcon.colcon_core.shell:Creating package script '/root/rqt-reconfigure/install/rqt_reconfigure/share/rqt_reconfigure/package.zsh'
[0.922s] DEBUG:colcon.colcon_parallel_executor.executor.parallel:closing loop
[0.922s] DEBUG:colcon.colcon_parallel_executor.executor.parallel:loop closed
[0.922s] DEBUG:colcon.colcon_parallel_executor.executor.parallel:run_until_complete finished with '0'
[0.922s] DEBUG:colcon.colcon_core.event_reactor:joining thread
[0.923s] DEBUG:colcon.colcon_core.event_reactor:joined thread
[0.928s] INFO:colcon.colcon_core.shell:Creating prefix script '/root/rqt-reconfigure/install/local_setup.ps1'
[0.929s] INFO:colcon.colcon_core.shell:Creating prefix chain script '/root/rqt-reconfigure/install/setup.ps1'
[0.930s] INFO:colcon.colcon_core.shell:Creating prefix script '/root/rqt-reconfigure/install/local_setup.sh'
[0.931s] INFO:colcon.colcon_core.shell:Creating prefix chain script '/root/rqt-reconfigure/install/setup.sh'
[0.931s] INFO:colcon.colcon_core.shell:Creating prefix script '/root/rqt-reconfigure/install/local_setup.bash'
[0.932s] INFO:colcon.colcon_core.shell:Creating prefix chain script '/root/rqt-reconfigure/install/setup.bash'
[0.933s] INFO:colcon.colcon_core.shell:Creating prefix script '/root/rqt-reconfigure/install/local_setup.zsh'
[0.933s] INFO:colcon.colcon_core.shell:Creating prefix chain script '/root/rqt-reconfigure/install/setup.zsh'
